Performing C SOURCE FILE Test CMAKE_HAVE_LIBC_PTHREAD failed with the following output:
Change Dir: /home/cjy/navigation_ws/build/CMakeFiles/CMakeTmp

Run Build Command(s):/usr/bin/make cmTC_0595c/fast && /usr/bin/make -f CMakeFiles/cmTC_0595c.dir/build.make CMakeFiles/cmTC_0595c.dir/build
make[1]: 进入目录“/home/cjy/navigation_ws/build/CMakeFiles/CMakeTmp”
Building C object CMakeFiles/cmTC_0595c.dir/src.c.o
/usr/bin/cc   -DCMAKE_HAVE_LIBC_PTHREAD   -o CMakeFiles/cmTC_0595c.dir/src.c.o   -c /home/cjy/navigation_ws/build/CMakeFiles/CMakeTmp/src.c
Linking C executable cmTC_0595c
/usr/bin/cmake -E cmake_link_script CMakeFiles/cmTC_0595c.dir/link.txt --verbose=1
/usr/bin/cc  -DCMAKE_HAVE_LIBC_PTHREAD    -rdynamic CMakeFiles/cmTC_0595c.dir/src.c.o  -o cmTC_0595c 
/usr/bin/ld: CMakeFiles/cmTC_0595c.dir/src.c.o: in function `main':
src.c:(.text+0x46): undefined reference to `pthread_create'
/usr/bin/ld: src.c:(.text+0x52): undefined reference to `pthread_detach'
/usr/bin/ld: src.c:(.text+0x63): undefined reference to `pthread_join'
collect2: error: ld returned 1 exit status
make[1]: *** [CMakeFiles/cmTC_0595c.dir/build.make:87：cmTC_0595c] 错误 1
make[1]: 离开目录“/home/cjy/navigation_ws/build/CMakeFiles/CMakeTmp”
make: *** [Makefile:121：cmTC_0595c/fast] 错误 2


Source file was:
#include <pthread.h>

void* test_func(void* data)
{
  return data;
}

int main(void)
{
  pthread_t thread;
  pthread_create(&thread, NULL, test_func, NULL);
  pthread_detach(thread);
  pthread_join(thread, NULL);
  pthread_atfork(NULL, NULL, NULL);
  pthread_exit(NULL);

  return 0;
}

Determining if the function pthread_create exists in the pthreads failed with the following output:
Change Dir: /home/cjy/navigation_ws/build/CMakeFiles/CMakeTmp

Run Build Command(s):/usr/bin/make cmTC_c12e7/fast && /usr/bin/make -f CMakeFiles/cmTC_c12e7.dir/build.make CMakeFiles/cmTC_c12e7.dir/build
make[1]: 进入目录“/home/cjy/navigation_ws/build/CMakeFiles/CMakeTmp”
Building C object CMakeFiles/cmTC_c12e7.dir/CheckFunctionExists.c.o
/usr/bin/cc   -DCHECK_FUNCTION_EXISTS=pthread_create   -o CMakeFiles/cmTC_c12e7.dir/CheckFunctionExists.c.o   -c /usr/share/cmake-3.16/Modules/CheckFunctionExists.c
Linking C executable cmTC_c12e7
/usr/bin/cmake -E cmake_link_script CMakeFiles/cmTC_c12e7.dir/link.txt --verbose=1
/usr/bin/cc  -DCHECK_FUNCTION_EXISTS=pthread_create    -rdynamic CMakeFiles/cmTC_c12e7.dir/CheckFunctionExists.c.o  -o cmTC_c12e7  -lpthreads 
/usr/bin/ld: 找不到 -lpthreads
collect2: error: ld returned 1 exit status
make[1]: *** [CMakeFiles/cmTC_c12e7.dir/build.make:87：cmTC_c12e7] 错误 1
make[1]: 离开目录“/home/cjy/navigation_ws/build/CMakeFiles/CMakeTmp”
make: *** [Makefile:121：cmTC_c12e7/fast] 错误 2



Determining if the include file FL/Fl.H exists failed with the following output:
Change Dir: /home/cjy/navigation_ws/build/CMakeFiles/CMakeTmp

Run Build Command(s):/usr/bin/make cmTC_3c3dd/fast && /usr/bin/make -f CMakeFiles/cmTC_3c3dd.dir/build.make CMakeFiles/cmTC_3c3dd.dir/build
make[1]: 进入目录“/home/cjy/navigation_ws/build/CMakeFiles/CMakeTmp”
Building CXX object CMakeFiles/cmTC_3c3dd.dir/CheckIncludeFile.cxx.o
/usr/bin/c++     -o CMakeFiles/cmTC_3c3dd.dir/CheckIncludeFile.cxx.o -c /home/cjy/navigation_ws/build/CMakeFiles/CMakeTmp/CheckIncludeFile.cxx
/home/cjy/navigation_ws/build/CMakeFiles/CMakeTmp/CheckIncludeFile.cxx:1:10: fatal error: FL/Fl.H: 没有那个文件或目录
    1 | #include <FL/Fl.H>
      |          ^~~~~~~~~
compilation terminated.
make[1]: *** [CMakeFiles/cmTC_3c3dd.dir/build.make:66：CMakeFiles/cmTC_3c3dd.dir/CheckIncludeFile.cxx.o] 错误 1
make[1]: 离开目录“/home/cjy/navigation_ws/build/CMakeFiles/CMakeTmp”
make: *** [Makefile:121：cmTC_3c3dd/fast] 错误 2



Determining if the include file pgm.h exists failed with the following output:
Change Dir: /home/cjy/navigation_ws/build/CMakeFiles/CMakeTmp

Run Build Command(s):/usr/bin/make cmTC_e5750/fast && /usr/bin/make -f CMakeFiles/cmTC_e5750.dir/build.make CMakeFiles/cmTC_e5750.dir/build
make[1]: 进入目录“/home/cjy/navigation_ws/build/CMakeFiles/CMakeTmp”
Building CXX object CMakeFiles/cmTC_e5750.dir/CheckIncludeFile.cxx.o
/usr/bin/c++     -o CMakeFiles/cmTC_e5750.dir/CheckIncludeFile.cxx.o -c /home/cjy/navigation_ws/build/CMakeFiles/CMakeTmp/CheckIncludeFile.cxx
/home/cjy/navigation_ws/build/CMakeFiles/CMakeTmp/CheckIncludeFile.cxx:1:10: fatal error: pgm.h: 没有那个文件或目录
    1 | #include <pgm.h>
      |          ^~~~~~~
compilation terminated.
make[1]: *** [CMakeFiles/cmTC_e5750.dir/build.make:66：CMakeFiles/cmTC_e5750.dir/CheckIncludeFile.cxx.o] 错误 1
make[1]: 离开目录“/home/cjy/navigation_ws/build/CMakeFiles/CMakeTmp”
make: *** [Makefile:121：cmTC_e5750/fast] 错误 2



